{"/Users/aimemalaika/Documents/Microverse/P@P/ToDoList/src/CRUD.js": {"path":"/Users/aimemalaika/Documents/Microverse/P@P/ToDoList/src/CRUD.js","statementMap":{"0":{"start":{"line":1,"column":23},"end":{"line":17,"column":1}},"1":{"start":{"line":2,"column":2},"end":{"line":6,"column":3}},"2":{"start":{"line":3,"column":4},"end":{"line":3,"column":13}},"3":{"start":{"line":5,"column":4},"end":{"line":5,"column":52}},"4":{"start":{"line":8,"column":17},"end":{"line":8,"column":31}},"5":{"start":{"line":9,"column":14},"end":{"line":13,"column":3}},"6":{"start":{"line":14,"column":2},"end":{"line":14,"column":16}},"7":{"start":{"line":15,"column":2},"end":{"line":15,"column":53}},"8":{"start":{"line":16,"column":2},"end":{"line":16,"column":13}},"9":{"start":{"line":19,"column":26},"end":{"line":26,"column":1}},"10":{"start":{"line":20,"column":12},"end":{"line":20,"column":53}},"11":{"start":{"line":21,"column":2},"end":{"line":21,"column":64}},"12":{"start":{"line":21,"column":26},"end":{"line":21,"column":62}},"13":{"start":{"line":22,"column":2},"end":{"line":24,"column":3}},"14":{"start":{"line":22,"column":15},"end":{"line":22,"column":16}},"15":{"start":{"line":23,"column":4},"end":{"line":23,"column":25}},"16":{"start":{"line":25,"column":2},"end":{"line":25,"column":53}},"17":{"start":{"line":28,"column":19},"end":{"line":32,"column":1}},"18":{"start":{"line":29,"column":14},"end":{"line":29,"column":55}},"19":{"start":{"line":30,"column":2},"end":{"line":30,"column":41}},"20":{"start":{"line":31,"column":2},"end":{"line":31,"column":53}},"21":{"start":{"line":34,"column":35},"end":{"line":39,"column":1}},"22":{"start":{"line":35,"column":27},"end":{"line":35,"column":32}},"23":{"start":{"line":36,"column":2},"end":{"line":38,"column":5}},"24":{"start":{"line":37,"column":4},"end":{"line":37,"column":43}},"25":{"start":{"line":41,"column":28},"end":{"line":64,"column":1}},"26":{"start":{"line":42,"column":2},"end":{"line":42,"column":26}},"27":{"start":{"line":43,"column":2},"end":{"line":63,"column":5}},"28":{"start":{"line":44,"column":4},"end":{"line":62,"column":5}},"29":{"start":{"line":45,"column":6},"end":{"line":52,"column":11}},"30":{"start":{"line":54,"column":6},"end":{"line":61,"column":11}},"31":{"start":{"line":66,"column":29},"end":{"line":71,"column":1}},"32":{"start":{"line":67,"column":14},"end":{"line":67,"column":55}},"33":{"start":{"line":68,"column":2},"end":{"line":68,"column":43}},"34":{"start":{"line":69,"column":2},"end":{"line":69,"column":53}},"35":{"start":{"line":70,"column":2},"end":{"line":70,"column":35}},"36":{"start":{"line":73,"column":27},"end":{"line":81,"column":1}},"37":{"start":{"line":74,"column":12},"end":{"line":74,"column":53}},"38":{"start":{"line":75,"column":2},"end":{"line":75,"column":54}},"39":{"start":{"line":75,"column":29},"end":{"line":75,"column":52}},"40":{"start":{"line":76,"column":2},"end":{"line":78,"column":3}},"41":{"start":{"line":76,"column":15},"end":{"line":76,"column":16}},"42":{"start":{"line":77,"column":4},"end":{"line":77,"column":25}},"43":{"start":{"line":79,"column":2},"end":{"line":79,"column":53}},"44":{"start":{"line":80,"column":2},"end":{"line":80,"column":35}}},"fnMap":{"0":{"name":"(anonymous_0)","decl":{"start":{"line":1,"column":23},"end":{"line":1,"column":24}},"loc":{"start":{"line":1,"column":39},"end":{"line":17,"column":1}},"line":1},"1":{"name":"(anonymous_1)","decl":{"start":{"line":19,"column":26},"end":{"line":19,"column":27}},"loc":{"start":{"line":19,"column":34},"end":{"line":26,"column":1}},"line":19},"2":{"name":"(anonymous_2)","decl":{"start":{"line":21,"column":19},"end":{"line":21,"column":20}},"loc":{"start":{"line":21,"column":26},"end":{"line":21,"column":62}},"line":21},"3":{"name":"(anonymous_3)","decl":{"start":{"line":28,"column":19},"end":{"line":28,"column":20}},"loc":{"start":{"line":28,"column":34},"end":{"line":32,"column":1}},"line":28},"4":{"name":"(anonymous_4)","decl":{"start":{"line":34,"column":35},"end":{"line":34,"column":36}},"loc":{"start":{"line":34,"column":55},"end":{"line":39,"column":1}},"line":34},"5":{"name":"(anonymous_5)","decl":{"start":{"line":36,"column":34},"end":{"line":36,"column":35}},"loc":{"start":{"line":36,"column":40},"end":{"line":38,"column":3}},"line":36},"6":{"name":"(anonymous_6)","decl":{"start":{"line":41,"column":28},"end":{"line":41,"column":29}},"loc":{"start":{"line":41,"column":52},"end":{"line":64,"column":1}},"line":41},"7":{"name":"(anonymous_7)","decl":{"start":{"line":43,"column":21},"end":{"line":43,"column":22}},"loc":{"start":{"line":43,"column":31},"end":{"line":63,"column":3}},"line":43},"8":{"name":"(anonymous_8)","decl":{"start":{"line":66,"column":29},"end":{"line":66,"column":30}},"loc":{"start":{"line":66,"column":62},"end":{"line":71,"column":1}},"line":66},"9":{"name":"(anonymous_9)","decl":{"start":{"line":73,"column":27},"end":{"line":73,"column":28}},"loc":{"start":{"line":73,"column":46},"end":{"line":81,"column":1}},"line":73},"10":{"name":"(anonymous_10)","decl":{"start":{"line":75,"column":19},"end":{"line":75,"column":20}},"loc":{"start":{"line":75,"column":29},"end":{"line":75,"column":52}},"line":75}},"branchMap":{"0":{"loc":{"start":{"line":2,"column":2},"end":{"line":6,"column":3}},"type":"if","locations":[{"start":{"line":2,"column":2},"end":{"line":6,"column":3}},{"start":{"line":4,"column":9},"end":{"line":6,"column":3}}],"line":2},"1":{"loc":{"start":{"line":44,"column":4},"end":{"line":62,"column":5}},"type":"if","locations":[{"start":{"line":44,"column":4},"end":{"line":62,"column":5}},{"start":{"line":53,"column":11},"end":{"line":62,"column":5}}],"line":44}},"s":{"0":1,"1":1,"2":1,"3":0,"4":1,"5":1,"6":1,"7":1,"8":1,"9":1,"10":0,"11":0,"12":0,"13":0,"14":0,"15":0,"16":0,"17":1,"18":0,"19":0,"20":0,"21":1,"22":0,"23":0,"24":0,"25":1,"26":0,"27":0,"28":0,"29":0,"30":0,"31":1,"32":0,"33":0,"34":0,"35":0,"36":1,"37":0,"38":0,"39":0,"40":0,"41":0,"42":0,"43":0,"44":0},"f":{"0":1,"1":0,"2":0,"3":0,"4":0,"5":0,"6":0,"7":0,"8":0,"9":0,"10":0},"b":{"0":[1,0],"1":[0,0]},"_coverageSchema":"1a1c01bbd47fc00a2c39e90264f33305004495a9","hash":"60281c0d9057a944fd96b91ccf737304db882657"}
}
