TN:
SF:src/CRUD.js
FN:1,(anonymous_0)
FN:19,(anonymous_1)
FN:21,(anonymous_2)
FN:28,(anonymous_3)
FN:34,(anonymous_4)
FN:36,(anonymous_5)
FN:41,(anonymous_6)
FN:43,(anonymous_7)
FN:66,(anonymous_8)
FN:73,(anonymous_9)
FN:75,(anonymous_10)
FNF:11
FNH:1
FNDA:1,(anonymous_0)
FNDA:0,(anonymous_1)
FNDA:0,(anonymous_2)
FNDA:0,(anonymous_3)
FNDA:0,(anonymous_4)
FNDA:0,(anonymous_5)
FNDA:0,(anonymous_6)
FNDA:0,(anonymous_7)
FNDA:0,(anonymous_8)
FNDA:0,(anonymous_9)
FNDA:0,(anonymous_10)
DA:1,1
DA:2,1
DA:3,1
DA:5,0
DA:8,1
DA:9,1
DA:14,1
DA:15,1
DA:16,1
DA:19,1
DA:20,0
DA:21,0
DA:22,0
DA:23,0
DA:25,0
DA:28,1
DA:29,0
DA:30,0
DA:31,0
DA:34,1
DA:35,0
DA:36,0
DA:37,0
DA:41,1
DA:42,0
DA:43,0
DA:44,0
DA:45,0
DA:54,0
DA:66,1
DA:67,0
DA:68,0
DA:69,0
DA:70,0
DA:73,1
DA:74,0
DA:75,0
DA:76,0
DA:77,0
DA:79,0
DA:80,0
LF:41
LH:14
BRDA:2,0,0,1
BRDA:2,0,1,0
BRDA:44,1,0,0
BRDA:44,1,1,0
BRF:4
BRH:1
end_of_record
